<?xml version="1.0" encoding="UTF-8"?>
<testsuite xmlns:xsi="http://www.w3.org/2001/XMLSchema-instance" xsi:noNamespaceSchemaLocation="https://maven.apache.org/surefire/maven-surefire-plugin/xsd/surefire-test-report-3.0.xsd" version="3.0" name="ExerciseManagementTest" time="0.062" tests="5" errors="0" skipped="0" failures="0">
  <properties>
    <property name="java.specification.version" value="22"/>
    <property name="sun.cpu.isalist" value="amd64"/>
    <property name="sun.jnu.encoding" value="Cp1252"/>
    <property name="java.class.path" value="F:\GitHub\Java Course\mooc-java\mooc\mooc-java-programming-i\part06-Part06_13.Exercises\target\test-classes;F:\GitHub\Java Course\mooc-java\mooc\mooc-java-programming-i\part06-Part06_13.Exercises\target\classes;C:\Users\T-Gamer\.m2\repository\junit\junit\4.12\junit-4.12.jar;C:\Users\T-Gamer\.m2\repository\org\hamcrest\hamcrest-core\1.3\hamcrest-core-1.3.jar;C:\Users\T-Gamer\.m2\repository\fi\helsinki\cs\tmc\edu-test-utils\0.4.2\edu-test-utils-0.4.2.jar;"/>
    <property name="java.vm.vendor" value="Oracle Corporation"/>
    <property name="sun.arch.data.model" value="64"/>
    <property name="user.variant" value=""/>
    <property name="java.vendor.url" value="https://java.oracle.com/"/>
    <property name="user.timezone" value="America/Sao_Paulo"/>
    <property name="user.country.format" value="BR"/>
    <property name="os.name" value="Windows 10"/>
    <property name="java.vm.specification.version" value="22"/>
    <property name="user.country" value="US"/>
    <property name="sun.java.launcher" value="SUN_STANDARD"/>
    <property name="sun.boot.library.path" value="F:\JavaSDK\jdk-22.0.2\bin"/>
    <property name="sun.java.command" value="F:\temp\surefire4164605469243948912\surefirebooter-20241030204147934_3.jar F:\temp\surefire4164605469243948912 2024-10-30T20-41-47_800-jvmRun1 surefire-20241030204147934_1tmp surefire_0-20241030204147934_2tmp"/>
    <property name="jdk.debug" value="release"/>
    <property name="test" value="ExerciseManagementTest"/>
    <property name="surefire.test.class.path" value="F:\GitHub\Java Course\mooc-java\mooc\mooc-java-programming-i\part06-Part06_13.Exercises\target\test-classes;F:\GitHub\Java Course\mooc-java\mooc\mooc-java-programming-i\part06-Part06_13.Exercises\target\classes;C:\Users\T-Gamer\.m2\repository\junit\junit\4.12\junit-4.12.jar;C:\Users\T-Gamer\.m2\repository\org\hamcrest\hamcrest-core\1.3\hamcrest-core-1.3.jar;C:\Users\T-Gamer\.m2\repository\fi\helsinki\cs\tmc\edu-test-utils\0.4.2\edu-test-utils-0.4.2.jar;"/>
    <property name="sun.cpu.endian" value="little"/>
    <property name="user.home" value="C:\Users\T-Gamer"/>
    <property name="user.language" value="en"/>
    <property name="java.specification.vendor" value="Oracle Corporation"/>
    <property name="java.version.date" value="2024-07-16"/>
    <property name="java.home" value="F:\JavaSDK\jdk-22.0.2"/>
    <property name="file.separator" value="\"/>
    <property name="basedir" value="F:\GitHub\Java Course\mooc-java\mooc\mooc-java-programming-i\part06-Part06_13.Exercises"/>
    <property name="java.vm.compressedOopsMode" value="Zero based"/>
    <property name="line.separator" value="&#10;"/>
    <property name="java.vm.specification.vendor" value="Oracle Corporation"/>
    <property name="java.specification.name" value="Java Platform API Specification"/>
    <property name="surefire.real.class.path" value="F:\temp\surefire4164605469243948912\surefirebooter-20241030204147934_3.jar"/>
    <property name="user.script" value=""/>
    <property name="sun.management.compiler" value="HotSpot 64-Bit Tiered Compilers"/>
    <property name="java.runtime.version" value="22.0.2+9-70"/>
    <property name="user.name" value="Luan"/>
    <property name="stdout.encoding" value="Cp1252"/>
    <property name="path.separator" value=";"/>
    <property name="os.version" value="10.0"/>
    <property name="java.runtime.name" value="OpenJDK Runtime Environment"/>
    <property name="file.encoding" value="UTF-8"/>
    <property name="java.vm.name" value="OpenJDK 64-Bit Server VM"/>
    <property name="maven.ext.class.path" value="C:\Users\T-Gamer\.vscode\extensions\oracle.oracle-java-23.0.0\nbcode\java\maven-nblib\netbeans-eventspy.jar"/>
    <property name="localRepository" value="C:\Users\T-Gamer\.m2\repository"/>
    <property name="java.vendor.url.bug" value="https://bugreport.java.com/bugreport/"/>
    <property name="java.io.tmpdir" value="F:\temp\"/>
    <property name="java.version" value="22.0.2"/>
    <property name="user.dir" value="F:\GitHub\Java Course\mooc-java\mooc\mooc-java-programming-i\part06-Part06_13.Exercises"/>
    <property name="os.arch" value="amd64"/>
    <property name="java.vm.specification.name" value="Java Virtual Machine Specification"/>
    <property name="user.language.format" value="pt"/>
    <property name="sun.os.patch.level" value=""/>
    <property name="native.encoding" value="Cp1252"/>
    <property name="java.library.path" value="F:\JavaSDK\jdk-22.0.2\bin;C:\WINDOWS\Sun\Java\bin;C:\WINDOWS\system32;C:\WINDOWS;C:\Program Files\Microsoft MPI\Bin\;C:\Program Files\NVIDIA\CUDNN\v9.4\bin;C:\Program Files\NVIDIA GPU Computing Toolkit\CUDA\v12.6\bin;C:\Program Files\NVIDIA GPU Computing Toolkit\CUDA\v12.6\libnvvp;C:\Program Files\Common Files\Oracle\Java\javapath;C:\Program Files\ImageMagick-7.1.1-Q16-HDRI;C:\Python311\Scripts\;C:\Python311\;C:\Program Files (x86)\Common Files\Intel\Shared Libraries\redist\intel64\compiler;C:\Program Files\ImageMagick-7.1.0-Q16-HDRI;C:\Program Files (x86)\Common Files\Oracle\Java\javapath;C:\Windows\system32;C:\Windows;C:\Windows\System32\Wbem;C:\Windows\System32\WindowsPowerShell\v1.0\;C:\WINDOWS\system32;C:\WINDOWS;C:\WINDOWS\System32\Wbem;C:\WINDOWS\System32\WindowsPowerShell\v1.0\;C:\WINDOWS\System32\OpenSSH\;C:\Program Files\NVIDIA Corporation\NVIDIA NvDLISR;C:\Program Files (x86)\ZeroTier\One\;C:\Program Files\Calibre2\;C:\Program Files\Microsoft SQL Server\130\Tools\Binn\;C:\Program Files (x86)\NVIDIA Corporation\PhysX\Common;C:\WINDOWS\system32;C:\WINDOWS;C:\WINDOWS\System32\Wbem;C:\WINDOWS\System32\WindowsPowerShell\v1.0\;C:\WINDOWS\System32\OpenSSH\;C:\Program Files (x86)\dotnet\;C:\Program Files\dotnet\;C:\Users\T-Gamer\AppData\Roaming\nvm;C:\Program Files\nodejs;C:\Program Files (x86)\Livestreamer;C:\MPV;C:\Run;C:\Program Files\nodejs\;C:\ProgramData\chocolatey\bin;C:\Users\T-Gamer\AppData\Local\Programs\Python\Python39;C:\Users\T-Gamer\AppData\Local\Programs\Python\Python39\Scripts;C:\Program Files (x86)\oh-my-posh\bin;C:\tools\gsudo\Current;C:\Program Files\Cloudflare\Cloudflare WARP\;C:\Program Files\PowerShell\7\;C:\Program Files\GitHub CLI\;C:\Program Files\NVIDIA Corporation\Nsight Compute 2024.3.1\;C:\Run\TensorRT-10.4.0.26.Windows.win10.cuda-12.6\TensorRT-10.4.0.26\bin;C:\Run\TensorRT-10.4.0.26.Windows.win10.cuda-12.6\TensorRT-10.4.0.26\lib;C:\Program Files\NVIDIA GPU Computing Toolkit\CUDA\v12.6;C:\Program Files\WezTerm;C:\Program Files\Docker\Docker\resources\bin;C:\Program Files\Microsoft SQL Server\Client SDK\ODBC\170\Tools\Binn\;C:\Program Files (x86)\Microsoft SQL Server\150\Tools\Binn\;C:\Program Files\Microsoft SQL Server\150\Tools\Binn\;C:\Program Files\Microsoft SQL Server\150\DTS\Binn\;C:\Program Files (x86)\Microsoft SQL Server\160\DTS\Binn\;C:\Program Files\Git\cmd;C:\Ruby33-x64\bin;C:\Users\T-Gamer\scoop\shims;C:\Users\T-Gamer\AppData\Local\Programs\Python\Python39\Scripts\;C:\Users\T-Gamer\AppData\Local\Programs\Python\Python39\;C:\Users\T-Gamer\AppData\Local\Programs\Python\Python38-32\Scripts\;C:\Users\T-Gamer\AppData\Local\Programs\Python\Python38-32\;C:\Users\T-Gamer\AppData\Local\Programs\Python\Python37-32\Scripts\;C:\Users\T-Gamer\AppData\Local\Programs\Python\Python37-32\;C:\Users\T-Gamer\AppData\Local\Microsoft\WindowsApps;C:\Users\T-Gamer\AppData\Local\atom\bin;C:\Users\T-Gamer\AppData\Local\Microsoft\WindowsApps;C:\Users\T-Gamer\AppData\Local\Programs\Microsoft VS Code\bin;C:\ffmpeg\bin;C:\Users\T-Gamer\AppData\Roaming\nvm;C:\Program Files\nodejs;C:\Users\T-Gamer\AppData\Roaming\npm;C:\Users\T-Gamer\scoop\shims;C:\Users\T-Gamer\HeadsetControl;C:\Users\T-Gamer\AppData\Local\Programs\Python\Python39;C:\Users\T-Gamer\AppData\Local\Programs\Python\Python39\Scripts;C:\Users\T-Gamer\AppData\Local\Programs\oh-my-posh\bin;C:\tools\neovim\nvim-win64\bin;C:\Users\T-Gamer\AppData\Local\Microsoft\WinGet\Lin;C:\Users\T-Gamer\AppData\Local\Microsoft\WinGet\Packages\Google.Libwebp_Microsoft.Winget.Source_8wekyb3d8bbwe\libwebp-1.4.0-windows-x64/bin;;."/>
    <property name="java.vm.info" value="mixed mode, sharing"/>
    <property name="stderr.encoding" value="Cp1252"/>
    <property name="java.vendor" value="Oracle Corporation"/>
    <property name="java.vm.version" value="22.0.2+9-70"/>
    <property name="sun.io.unicode.encoding" value="UnicodeLittle"/>
    <property name="java.class.version" value="66.0"/>
  </properties>
  <testcase name="exerciseCanBeMarkedAsCompleted" classname="ExerciseManagementTest" time="0.005"/>
  <testcase name="addingExerciseGrowsListByOne" classname="ExerciseManagementTest" time="0.0"/>
  <testcase name="addedExerciseIsInList" classname="ExerciseManagementTest" time="0.0"/>
  <testcase name="exerciseListEmptyArBeginning" classname="ExerciseManagementTest" time="0.0"/>
  <testcase name="ifNotMarkedCompletedIsNotCompleted" classname="ExerciseManagementTest" time="0.0"/>
</testsuite>